<?xml version="1.0" encoding="UTF-8"?>
<!-- Generated by org.testng.reporters.JUnitReportReporter -->
<testsuite hostname="DESKTOP-DAMRL14" failures="2" tests="34" name="v2api_TestCaseSuit.Alpha_yellow_suit" time="20.269" errors="0" timestamp="25 Nov 2019 09:01:30 GMT" skipped="0">
  <testcase classname="v2api_TestCaseSuit.Alpha_yellow_suit" name="GenerateOTP" time="0.905"/>
  <testcase classname="v2api_TestCaseSuit.Alpha_yellow_suit" name="ValidateOTP" time="0.232"/>
  <testcase classname="v2api_TestCaseSuit.Alpha_yellow_suit" name="GetDigitalPin" time="0.267"/>
  <testcase classname="v2api_TestCaseSuit.Alpha_yellow_suit" name="UpdateDigitalPin" time="0.314"/>
  <testcase classname="v2api_TestCaseSuit.Alpha_yellow_suit" name="FatchCustomerDetail" time="0.492"/>
  <testcase classname="v2api_TestCaseSuit.Alpha_yellow_suit" name="FetchGPSlocation" time="1.621"/>
  <testcase classname="v2api_TestCaseSuit.Alpha_yellow_suit" name="ServiceablityCheck" time="0.277"/>
  <testcase classname="v2api_TestCaseSuit.Alpha_yellow_suit" name="ValidatePancard" time="0.247"/>
  <testcase classname="v2api_TestCaseSuit.Alpha_yellow_suit" name="CreateCustomer" time="0.523"/>
  <testcase classname="v2api_TestCaseSuit.Alpha_yellow_suit" name="LinkLocationDetails" time="0.244"/>
  <testcase classname="v2api_TestCaseSuit.Alpha_yellow_suit" name="Decision1Initiate" time="0.274"/>
  <testcase classname="v2api_TestCaseSuit.Alpha_yellow_suit" name="Decision1Status" time="2.641"/>
  <testcase classname="v2api_TestCaseSuit.Alpha_yellow_suit" name="Decision1Result" time="0.377"/>
  <testcase classname="v2api_TestCaseSuit.Alpha_yellow_suit" name="Applicationcreate" time="1.278"/>
  <testcase classname="v2api_TestCaseSuit.Alpha_yellow_suit" name="GetAddressdetails" time="0.311"/>
  <testcase classname="v2api_TestCaseSuit.Alpha_yellow_suit" name="AddressUpdate" time="0.339"/>
  <testcase classname="v2api_TestCaseSuit.Alpha_yellow_suit" name="FatchProfile" time="0.325"/>
  <testcase classname="v2api_TestCaseSuit.Alpha_yellow_suit" name="FatchContacts" time="0.250"/>
  <testcase classname="v2api_TestCaseSuit.Alpha_yellow_suit" name="ProfileUpdate" time="0.453"/>
  <testcase classname="v2api_TestCaseSuit.Alpha_yellow_suit" name="ContactUpdate" time="0.383"/>
  <testcase classname="v2api_TestCaseSuit.Alpha_yellow_suit" name="QalificationMasters" time="0.292"/>
  <testcase classname="v2api_TestCaseSuit.Alpha_yellow_suit" name="FatchEmploynment" time="0.257"/>
  <testcase classname="v2api_TestCaseSuit.Alpha_yellow_suit" name="EmploymentUpdate" time="0.307"/>
  <testcase classname="v2api_TestCaseSuit.Alpha_yellow_suit" name="Decision2Initiate" time="0.299"/>
  <testcase classname="v2api_TestCaseSuit.Alpha_yellow_suit" name="Decision2Status" time="2.544"/>
  <testcase classname="v2api_TestCaseSuit.Alpha_yellow_suit" name="Decision2Result" time="0.303"/>
  <testcase classname="v2api_TestCaseSuit.Alpha_yellow_suit" name="AppJourneyUpdate" time="0.397"/>
  <testcase classname="v2api_TestCaseSuit.Alpha_yellow_suit" name="LoanRequirment" time="0.407"/>
  <testcase classname="v2api_TestCaseSuit.Alpha_yellow_suit" name="FatchFinanicaldetails" time="0.288"/>
  <testcase classname="v2api_TestCaseSuit.Alpha_yellow_suit" name="UpdateFinancialDetails" time="0.543">
    <failure message="expected [dvVcqkVdFtn1RTlraS87oQzcdTARo8OugFce] but found [10009280901]" type="java.lang.AssertionError">
      <![CDATA[java.lang.AssertionError: expected [dvVcqkVdFtn1RTlraS87oQzcdTARo8OugFce] but found [10009280901]
at org.testng.Assert.fail(Assert.java:96)
at org.testng.Assert.failNotEquals(Assert.java:776)
at org.testng.Assert.assertEqualsImpl(Assert.java:137)
at org.testng.Assert.assertEquals(Assert.java:118)
at org.testng.Assert.assertEquals(Assert.java:442)
at v2api_Repo.FinancialUpdate.BankDetailUpdate(FinancialUpdate.java:27)
at v2api_TestCaseSuit.Alpha_yellow_suit.UpdateFinancialDetails(Alpha_yellow_suit.java:148)
at java.base/jdk.internal.reflect.NativeMethodAccessorImpl.invoke0(Native Method)
at java.base/jdk.internal.reflect.NativeMethodAccessorImpl.invoke(NativeMethodAccessorImpl.java:62)
at java.base/jdk.internal.reflect.DelegatingMethodAccessorImpl.invoke(DelegatingMethodAccessorImpl.java:43)
at java.base/java.lang.reflect.Method.invoke(Method.java:566)
at org.testng.internal.MethodInvocationHelper.invokeMethod(MethodInvocationHelper.java:124)
at org.testng.internal.Invoker.invokeMethod(Invoker.java:583)
at org.testng.internal.Invoker.invokeTestMethod(Invoker.java:719)
at org.testng.internal.Invoker.invokeTestMethods(Invoker.java:989)
at org.testng.internal.TestMethodWorker.invokeTestMethods(TestMethodWorker.java:125)
at org.testng.internal.TestMethodWorker.run(TestMethodWorker.java:109)
at org.testng.TestRunner.privateRun(TestRunner.java:648)
at org.testng.TestRunner.run(TestRunner.java:505)
at org.testng.SuiteRunner.runTest(SuiteRunner.java:455)
at org.testng.SuiteRunner.runSequentially(SuiteRunner.java:450)
at org.testng.SuiteRunner.privateRun(SuiteRunner.java:415)
at org.testng.SuiteRunner.run(SuiteRunner.java:364)
at org.testng.SuiteRunnerWorker.runSuite(SuiteRunnerWorker.java:52)
at org.testng.SuiteRunnerWorker.run(SuiteRunnerWorker.java:84)
at org.testng.TestNG.runSuitesSequentially(TestNG.java:1208)
at org.testng.TestNG.runSuitesLocally(TestNG.java:1137)
at org.testng.TestNG.runSuites(TestNG.java:1049)
at org.testng.TestNG.run(TestNG.java:1017)
at org.testng.remote.AbstractRemoteTestNG.run(AbstractRemoteTestNG.java:115)
at org.testng.remote.RemoteTestNG.initAndRun(RemoteTestNG.java:251)
at org.testng.remote.RemoteTestNG.main(RemoteTestNG.java:77)
]]>
    </failure>
  </testcase> <!-- UpdateFinancialDetails -->
  <testcase classname="v2api_TestCaseSuit.Alpha_yellow_suit" name="GetArtifactsdetail" time="1.436"/>
  <testcase classname="v2api_TestCaseSuit.Alpha_yellow_suit" name="ArtifactsUpdate" time="0.382">
    <failure type="java.lang.AssertionError">
      <![CDATA[java.lang.AssertionError
at org.junit.Assert.fail(Assert.java:92)
at org.junit.Assert.assertTrue(Assert.java:43)
at org.junit.Assert.assertTrue(Assert.java:54)
at v2api_Utilities.Validatable.success(Validatable.java:24)
at v2api_Repo.ArtifactUpdate.UpdateArtifact(ArtifactUpdate.java:20)
at v2api_TestCaseSuit.Alpha_yellow_suit.ArtifactsUpdate(Alpha_yellow_suit.java:156)
at java.base/jdk.internal.reflect.NativeMethodAccessorImpl.invoke0(Native Method)
at java.base/jdk.internal.reflect.NativeMethodAccessorImpl.invoke(NativeMethodAccessorImpl.java:62)
at java.base/jdk.internal.reflect.DelegatingMethodAccessorImpl.invoke(DelegatingMethodAccessorImpl.java:43)
at java.base/java.lang.reflect.Method.invoke(Method.java:566)
at org.testng.internal.MethodInvocationHelper.invokeMethod(MethodInvocationHelper.java:124)
at org.testng.internal.Invoker.invokeMethod(Invoker.java:583)
at org.testng.internal.Invoker.invokeTestMethod(Invoker.java:719)
at org.testng.internal.Invoker.invokeTestMethods(Invoker.java:989)
at org.testng.internal.TestMethodWorker.invokeTestMethods(TestMethodWorker.java:125)
at org.testng.internal.TestMethodWorker.run(TestMethodWorker.java:109)
at org.testng.TestRunner.privateRun(TestRunner.java:648)
at org.testng.TestRunner.run(TestRunner.java:505)
at org.testng.SuiteRunner.runTest(SuiteRunner.java:455)
at org.testng.SuiteRunner.runSequentially(SuiteRunner.java:450)
at org.testng.SuiteRunner.privateRun(SuiteRunner.java:415)
at org.testng.SuiteRunner.run(SuiteRunner.java:364)
at org.testng.SuiteRunnerWorker.runSuite(SuiteRunnerWorker.java:52)
at org.testng.SuiteRunnerWorker.run(SuiteRunnerWorker.java:84)
at org.testng.TestNG.runSuitesSequentially(TestNG.java:1208)
at org.testng.TestNG.runSuitesLocally(TestNG.java:1137)
at org.testng.TestNG.runSuites(TestNG.java:1049)
at org.testng.TestNG.run(TestNG.java:1017)
at org.testng.remote.AbstractRemoteTestNG.run(AbstractRemoteTestNG.java:115)
at org.testng.remote.RemoteTestNG.initAndRun(RemoteTestNG.java:251)
at org.testng.remote.RemoteTestNG.main(RemoteTestNG.java:77)
]]>
    </failure>
  </testcase> <!-- ArtifactsUpdate -->
  <testcase classname="v2api_TestCaseSuit.Alpha_yellow_suit" name="uploadprofilephoto" time="0.420"/>
  <testcase classname="v2api_TestCaseSuit.Alpha_yellow_suit" name="MovetoInprogress" time="0.641"/>
</testsuite> <!-- v2api_TestCaseSuit.Alpha_yellow_suit -->
