<?xml version="1.0" encoding="UTF-8"?>
<!-- Generated by org.testng.reporters.JUnitXMLReporter -->
<testsuite ignored="0" hostname="DESKTOP-DAMRL14" failures="2" tests="34" name="Apitestsuite" time="20.521" errors="0" timestamp="25 Nov 2019 09:01:30 GMT">
  <testcase classname="v2api_TestCaseSuit.Alpha_yellow_suit" name="GenerateOTP" time="0.903"/>
  <testcase classname="v2api_TestCaseSuit.Alpha_yellow_suit" name="ValidateOTP" time="0.23"/>
  <testcase classname="v2api_TestCaseSuit.Alpha_yellow_suit" name="GetDigitalPin" time="0.266"/>
  <testcase classname="v2api_TestCaseSuit.Alpha_yellow_suit" name="UpdateDigitalPin" time="0.313"/>
  <testcase classname="v2api_TestCaseSuit.Alpha_yellow_suit" name="FatchCustomerDetail" time="0.49"/>
  <testcase classname="v2api_TestCaseSuit.Alpha_yellow_suit" name="FetchGPSlocation" time="1.614"/>
  <testcase classname="v2api_TestCaseSuit.Alpha_yellow_suit" name="ServiceablityCheck" time="0.274"/>
  <testcase classname="v2api_TestCaseSuit.Alpha_yellow_suit" name="ValidatePancard" time="0.245"/>
  <testcase classname="v2api_TestCaseSuit.Alpha_yellow_suit" name="CreateCustomer" time="0.522"/>
  <testcase classname="v2api_TestCaseSuit.Alpha_yellow_suit" name="LinkLocationDetails" time="0.241"/>
  <testcase classname="v2api_TestCaseSuit.Alpha_yellow_suit" name="Decision1Initiate" time="0.272"/>
  <testcase classname="v2api_TestCaseSuit.Alpha_yellow_suit" name="Decision1Status" time="2.64"/>
  <testcase classname="v2api_TestCaseSuit.Alpha_yellow_suit" name="Decision1Result" time="0.37"/>
  <testcase classname="v2api_TestCaseSuit.Alpha_yellow_suit" name="Applicationcreate" time="1.274"/>
  <testcase classname="v2api_TestCaseSuit.Alpha_yellow_suit" name="GetAddressdetails" time="0.307"/>
  <testcase classname="v2api_TestCaseSuit.Alpha_yellow_suit" name="AddressUpdate" time="0.339"/>
  <testcase classname="v2api_TestCaseSuit.Alpha_yellow_suit" name="FatchProfile" time="0.323"/>
  <testcase classname="v2api_TestCaseSuit.Alpha_yellow_suit" name="FatchContacts" time="0.249"/>
  <testcase classname="v2api_TestCaseSuit.Alpha_yellow_suit" name="ProfileUpdate" time="0.452"/>
  <testcase classname="v2api_TestCaseSuit.Alpha_yellow_suit" name="ContactUpdate" time="0.381"/>
  <testcase classname="v2api_TestCaseSuit.Alpha_yellow_suit" name="QalificationMasters" time="0.291"/>
  <testcase classname="v2api_TestCaseSuit.Alpha_yellow_suit" name="FatchEmploynment" time="0.255"/>
  <testcase classname="v2api_TestCaseSuit.Alpha_yellow_suit" name="EmploymentUpdate" time="0.305"/>
  <testcase classname="v2api_TestCaseSuit.Alpha_yellow_suit" name="Decision2Initiate" time="0.297"/>
  <testcase classname="v2api_TestCaseSuit.Alpha_yellow_suit" name="Decision2Status" time="2.542"/>
  <testcase classname="v2api_TestCaseSuit.Alpha_yellow_suit" name="Decision2Result" time="0.298"/>
  <testcase classname="v2api_TestCaseSuit.Alpha_yellow_suit" name="AppJourneyUpdate" time="0.393"/>
  <testcase classname="v2api_TestCaseSuit.Alpha_yellow_suit" name="LoanRequirment" time="0.405"/>
  <testcase classname="v2api_TestCaseSuit.Alpha_yellow_suit" name="FatchFinanicaldetails" time="0.261"/>
  <testcase classname="v2api_TestCaseSuit.Alpha_yellow_suit" name="UpdateFinancialDetails" time="0.54">
    <failure type="java.lang.AssertionError" message="expected [dvVcqkVdFtn1RTlraS87oQzcdTARo8OugFce] but found [10009280901]">
      <![CDATA[java.lang.AssertionError: expected [dvVcqkVdFtn1RTlraS87oQzcdTARo8OugFce] but found [10009280901]
at v2api_Repo.FinancialUpdate.BankDetailUpdate(FinancialUpdate.java:27)
at v2api_TestCaseSuit.Alpha_yellow_suit.UpdateFinancialDetails(Alpha_yellow_suit.java:148)
... Removed 30 stack frames]]>
    </failure>
  </testcase> <!-- UpdateFinancialDetails -->
  <testcase classname="v2api_TestCaseSuit.Alpha_yellow_suit" name="GetArtifactsdetail" time="1.434"/>
  <testcase classname="v2api_TestCaseSuit.Alpha_yellow_suit" name="ArtifactsUpdate" time="0.381">
    <failure type="java.lang.AssertionError">
      <![CDATA[java.lang.AssertionError
at org.junit.Assert.fail(Assert.java:92)
at org.junit.Assert.assertTrue(Assert.java:43)
at org.junit.Assert.assertTrue(Assert.java:54)
at v2api_Utilities.Validatable.success(Validatable.java:24)
at v2api_Repo.ArtifactUpdate.UpdateArtifact(ArtifactUpdate.java:20)
at v2api_TestCaseSuit.Alpha_yellow_suit.ArtifactsUpdate(Alpha_yellow_suit.java:156)
... Removed 25 stack frames]]>
    </failure>
  </testcase> <!-- ArtifactsUpdate -->
  <testcase classname="v2api_TestCaseSuit.Alpha_yellow_suit" name="uploadprofilephoto" time="0.418"/>
  <testcase classname="v2api_TestCaseSuit.Alpha_yellow_suit" name="MovetoInprogress" time="0.634"/>
</testsuite> <!-- Apitestsuite -->
