<?xml version="1.0" encoding="UTF-8"?>
<!-- Generated by org.testng.reporters.JUnitXMLReporter -->
<testsuite ignored="0" hostname="DESKTOP-NNV3G3C" failures="1" tests="34" name="Default test" time="28.56" errors="0" timestamp="18 Aug 2019 16:49:20 GMT">
  <testcase classname="v2api_TestCaseSuit.Alpha_yellow_suit" name="GenerateOTP" time="2.543"/>
  <testcase classname="v2api_TestCaseSuit.Alpha_yellow_suit" name="ValidateOTP" time="0.462"/>
  <testcase classname="v2api_TestCaseSuit.Alpha_yellow_suit" name="GetDigitalPin" time="0.483"/>
  <testcase classname="v2api_TestCaseSuit.Alpha_yellow_suit" name="UpdateDigitalPin" time="0.461"/>
  <testcase classname="v2api_TestCaseSuit.Alpha_yellow_suit" name="FatchCustomerDetail" time="1.106"/>
  <testcase classname="v2api_TestCaseSuit.Alpha_yellow_suit" name="FetchGPSlocation" time="1.698">
    <failure type="java.lang.AssertionError" message="expected [true] but found [false]">
      <![CDATA[java.lang.AssertionError: expected [true] but found [false]
at org.testng.Assert.fail(Assert.java:96)
at org.testng.Assert.failNotEquals(Assert.java:776)
at org.testng.Assert.assertTrue(Assert.java:44)
at org.testng.Assert.assertTrue(Assert.java:54)
at v2api_Utilities.Validatable.success(Validatable.java:23)
at v2api_Repo.CreateCustomer.fatchGioLocation(CreateCustomer.java:22)
at v2api_TestCaseSuit.Alpha_yellow_suit.FetchGPSlocation(Alpha_yellow_suit.java:39)
at java.base/jdk.internal.reflect.NativeMethodAccessorImpl.invoke0(Native Method)
at java.base/jdk.internal.reflect.NativeMethodAccessorImpl.invoke(Unknown Source)
at java.base/jdk.internal.reflect.DelegatingMethodAccessorImpl.invoke(Unknown Source)
at java.base/java.lang.reflect.Method.invoke(Unknown Source)
at org.testng.internal.MethodInvocationHelper.invokeMethod(MethodInvocationHelper.java:124)
at org.testng.internal.Invoker.invokeMethod(Invoker.java:583)
at org.testng.internal.Invoker.invokeTestMethod(Invoker.java:719)
at org.testng.internal.Invoker.invokeTestMethods(Invoker.java:989)
at org.testng.internal.TestMethodWorker.invokeTestMethods(TestMethodWorker.java:125)
at org.testng.internal.TestMethodWorker.run(TestMethodWorker.java:109)
at org.testng.TestRunner.privateRun(TestRunner.java:648)
at org.testng.TestRunner.run(TestRunner.java:505)
at org.testng.SuiteRunner.runTest(SuiteRunner.java:455)
at org.testng.SuiteRunner.runSequentially(SuiteRunner.java:450)
at org.testng.SuiteRunner.privateRun(SuiteRunner.java:415)
at org.testng.SuiteRunner.run(SuiteRunner.java:364)
at org.testng.SuiteRunnerWorker.runSuite(SuiteRunnerWorker.java:52)
at org.testng.SuiteRunnerWorker.run(SuiteRunnerWorker.java:84)
at org.testng.TestNG.runSuitesSequentially(TestNG.java:1208)
at org.testng.TestNG.runSuitesLocally(TestNG.java:1137)
at org.testng.TestNG.runSuites(TestNG.java:1049)
at org.testng.TestNG.run(TestNG.java:1017)
at org.testng.remote.AbstractRemoteTestNG.run(AbstractRemoteTestNG.java:114)
at org.testng.remote.RemoteTestNG.initAndRun(RemoteTestNG.java:251)
at org.testng.remote.RemoteTestNG.main(RemoteTestNG.java:77)
]]>
    </failure>
  </testcase> <!-- FetchGPSlocation -->
  <testcase classname="v2api_TestCaseSuit.Alpha_yellow_suit" name="ServiceablityCheck" time="0.551"/>
  <testcase classname="v2api_TestCaseSuit.Alpha_yellow_suit" name="ValidatePancard" time="0.408"/>
  <testcase classname="v2api_TestCaseSuit.Alpha_yellow_suit" name="CreateCustomer" time="0.87"/>
  <testcase classname="v2api_TestCaseSuit.Alpha_yellow_suit" name="LinkLocationDetails" time="0.408"/>
  <testcase classname="v2api_TestCaseSuit.Alpha_yellow_suit" name="Decision1Initiate" time="0.444"/>
  <testcase classname="v2api_TestCaseSuit.Alpha_yellow_suit" name="Decision1Status" time="3.073"/>
  <testcase classname="v2api_TestCaseSuit.Alpha_yellow_suit" name="Decision1Result" time="0.515"/>
  <testcase classname="v2api_TestCaseSuit.Alpha_yellow_suit" name="Applicationcreate" time="1.547"/>
  <testcase classname="v2api_TestCaseSuit.Alpha_yellow_suit" name="GetAddressdetails" time="0.475"/>
  <testcase classname="v2api_TestCaseSuit.Alpha_yellow_suit" name="AddressUpdate" time="0.596"/>
  <testcase classname="v2api_TestCaseSuit.Alpha_yellow_suit" name="FatchProfile" time="0.516"/>
  <testcase classname="v2api_TestCaseSuit.Alpha_yellow_suit" name="FatchContacts" time="0.426"/>
  <testcase classname="v2api_TestCaseSuit.Alpha_yellow_suit" name="ProfileUpdate" time="0.802"/>
  <testcase classname="v2api_TestCaseSuit.Alpha_yellow_suit" name="ContactUpdate" time="0.538"/>
  <testcase classname="v2api_TestCaseSuit.Alpha_yellow_suit" name="QalificationMasters" time="0.523"/>
  <testcase classname="v2api_TestCaseSuit.Alpha_yellow_suit" name="FatchEmploynment" time="0.463"/>
  <testcase classname="v2api_TestCaseSuit.Alpha_yellow_suit" name="EmploymentUpdate" time="0.557"/>
  <testcase classname="v2api_TestCaseSuit.Alpha_yellow_suit" name="Decision2Initiate" time="0.487"/>
  <testcase classname="v2api_TestCaseSuit.Alpha_yellow_suit" name="Decision2Status" time="2.5"/>
  <testcase classname="v2api_TestCaseSuit.Alpha_yellow_suit" name="Decision2Result" time="0.477"/>
  <testcase classname="v2api_TestCaseSuit.Alpha_yellow_suit" name="AppJourneyUpdate" time="0.56"/>
  <testcase classname="v2api_TestCaseSuit.Alpha_yellow_suit" name="LoanRequirment" time="0.554"/>
  <testcase classname="v2api_TestCaseSuit.Alpha_yellow_suit" name="FatchFinanicaldetails" time="0.411"/>
  <testcase classname="v2api_TestCaseSuit.Alpha_yellow_suit" name="UpdateFinancialDetails" time="0.51"/>
  <testcase classname="v2api_TestCaseSuit.Alpha_yellow_suit" name="GetArtifactsdetail" time="0.517"/>
  <testcase classname="v2api_TestCaseSuit.Alpha_yellow_suit" name="ArtifactsUpdate" time="0.585"/>
  <testcase classname="v2api_TestCaseSuit.Alpha_yellow_suit" name="uploadprofilephoto" time="0.577"/>
  <testcase classname="v2api_TestCaseSuit.Alpha_yellow_suit" name="MovetoInprogress" time="0.528"/>
</testsuite> <!-- Default test -->
